2014/12/29 04:24:44 [error] [php] include(AlmanacPost.php): failed to open stream: No such file or directory (/Applications/MAMP/htdocs/testing/almanac_test/framework/YiiBase.php:432)
Stack trace:
#0 /Applications/MAMP/htdocs/testing/almanac_test/framework/db/ar/CActiveRecord.php(395): spl_autoload_call()
#1 /Applications/MAMP/htdocs/testing/almanac_test/framework/web/CActiveDataProvider.php(165): model()
#2 /Applications/MAMP/htdocs/testing/almanac_test/framework/web/CActiveDataProvider.php(87): CActiveDataProvider->getModel()
#3 /Applications/MAMP/htdocs/testing/almanac_test/protected/controllers/SiteController.php(127): CActiveDataProvider->__construct()
#4 /Applications/MAMP/htdocs/testing/almanac_test/framework/web/actions/CInlineAction.php(49): SiteController->actionIndex()
#5 /Applications/MAMP/htdocs/testing/almanac_test/framework/web/CController.php(308): CInlineAction->runWithParams()
#6 /Applications/MAMP/htdocs/testing/almanac_test/framework/web/filters/CFilterChain.php(133): SiteController->runAction()
#7 /Applications/MAMP/htdocs/testing/almanac_test/framework/web/filters/CFilter.php(40): CFilterChain->run()
#8 /Applications/MAMP/htdocs/testing/almanac_test/framework/web/CController.php(1145): CAccessControlFilter->filter()
#9 /Applications/MAMP/htdocs/testing/almanac_test/framework/web/filters/CInlineFilter.php(58): SiteController->filterAccessControl()
#10 /Applications/MAMP/htdocs/testing/almanac_test/framework/web/filters/CFilterChain.php(130): CInlineFilter->filter()
#11 /Applications/MAMP/htdocs/testing/almanac_test/framework/web/CController.php(291): CFilterChain->run()
#12 /Applications/MAMP/htdocs/testing/almanac_test/framework/web/CController.php(265): SiteController->runActionWithFilters()
#13 /Applications/MAMP/htdocs/testing/almanac_test/framework/web/CWebApplication.php(282): SiteController->run()
#14 /Applications/MAMP/htdocs/testing/almanac_test/framework/web/CWebApplication.php(141): CWebApplication->runController()
#15 /Applications/MAMP/htdocs/testing/almanac_test/framework/base/CApplication.php(184): CWebApplication->processRequest()
#16 /Applications/MAMP/htdocs/testing/almanac_test/index.php(13): CWebApplication->run()
REQUEST_URI=/testing/almanac_test/index.php
in /Applications/MAMP/htdocs/testing/almanac_test/protected/controllers/SiteController.php (127)
in /Applications/MAMP/htdocs/testing/almanac_test/index.php (13)
2014/12/29 04:34:03 [error] [exception.CHttpException.400] exception 'CHttpException' with message 'Your request is invalid.' in /Applications/MAMP/htdocs/testing/almanac_test/framework/web/CController.php:336
Stack trace:
#0 /Applications/MAMP/htdocs/testing/almanac_test/framework/web/CController.php(309): CController->invalidActionParams(Object(CInlineAction))
#1 /Applications/MAMP/htdocs/testing/almanac_test/framework/web/filters/CFilterChain.php(133): CController->runAction(Object(CInlineAction))
#2 /Applications/MAMP/htdocs/testing/almanac_test/framework/web/filters/CFilter.php(40): CFilterChain->run()
#3 /Applications/MAMP/htdocs/testing/almanac_test/framework/web/CController.php(1145): CFilter->filter(Object(CFilterChain))
#4 /Applications/MAMP/htdocs/testing/almanac_test/framework/web/filters/CInlineFilter.php(58): CController->filterAccessControl(Object(CFilterChain))
#5 /Applications/MAMP/htdocs/testing/almanac_test/framework/web/filters/CFilterChain.php(130): CInlineFilter->filter(Object(CFilterChain))
#6 /Applications/MAMP/htdocs/testing/almanac_test/framework/web/CController.php(291): CFilterChain->run()
#7 /Applications/MAMP/htdocs/testing/almanac_test/framework/web/CController.php(265): CController->runActionWithFilters(Object(CInlineAction), Array)
#8 /Applications/MAMP/htdocs/testing/almanac_test/framework/web/CWebApplication.php(282): CController->run('create')
#9 /Applications/MAMP/htdocs/testing/almanac_test/framework/web/CWebApplication.php(141): CWebApplication->runController('almanacpost/cre...')
#10 /Applications/MAMP/htdocs/testing/almanac_test/framework/base/CApplication.php(184): CWebApplication->processRequest()
#11 /Applications/MAMP/htdocs/testing/almanac_test/index.php(13): CApplication->run()
#12 {main}
REQUEST_URI=/testing/almanac_test/index.php/almanacpost/create
HTTP_REFERER=http://localhost:8888/testing/almanac_test/index.php/almanacpost
---
2014/12/29 04:34:06 [error] [exception.CHttpException.400] exception 'CHttpException' with message 'Your request is invalid.' in /Applications/MAMP/htdocs/testing/almanac_test/framework/web/CController.php:336
Stack trace:
#0 /Applications/MAMP/htdocs/testing/almanac_test/framework/web/CController.php(309): CController->invalidActionParams(Object(CInlineAction))
#1 /Applications/MAMP/htdocs/testing/almanac_test/framework/web/filters/CFilterChain.php(133): CController->runAction(Object(CInlineAction))
#2 /Applications/MAMP/htdocs/testing/almanac_test/framework/web/filters/CFilter.php(40): CFilterChain->run()
#3 /Applications/MAMP/htdocs/testing/almanac_test/framework/web/CController.php(1145): CFilter->filter(Object(CFilterChain))
#4 /Applications/MAMP/htdocs/testing/almanac_test/framework/web/filters/CInlineFilter.php(58): CController->filterAccessControl(Object(CFilterChain))
#5 /Applications/MAMP/htdocs/testing/almanac_test/framework/web/filters/CFilterChain.php(130): CInlineFilter->filter(Object(CFilterChain))
#6 /Applications/MAMP/htdocs/testing/almanac_test/framework/web/CController.php(291): CFilterChain->run()
#7 /Applications/MAMP/htdocs/testing/almanac_test/framework/web/CController.php(265): CController->runActionWithFilters(Object(CInlineAction), Array)
#8 /Applications/MAMP/htdocs/testing/almanac_test/framework/web/CWebApplication.php(282): CController->run('create')
#9 /Applications/MAMP/htdocs/testing/almanac_test/framework/web/CWebApplication.php(141): CWebApplication->runController('almanacpost/cre...')
#10 /Applications/MAMP/htdocs/testing/almanac_test/framework/base/CApplication.php(184): CWebApplication->processRequest()
#11 /Applications/MAMP/htdocs/testing/almanac_test/index.php(13): CApplication->run()
#12 {main}
REQUEST_URI=/testing/almanac_test/index.php/almanacpost/create
HTTP_REFERER=http://localhost:8888/testing/almanac_test/index.php/almanacpost
---
2014/12/29 04:58:40 [error] [exception.CException] exception 'CException' with message 'Property "AlmanacPost.url" is not defined.' in /Applications/MAMP/htdocs/testing/almanac_test/framework/base/CComponent.php:173
Stack trace:
#0 /Applications/MAMP/htdocs/testing/almanac_test/framework/db/ar/CActiveRecord.php(161): CComponent->__set('url', NULL)
#1 /Applications/MAMP/htdocs/testing/almanac_test/protected/controllers/AlmanacpostController.php(74): CActiveRecord->__set('url', NULL)
#2 /Applications/MAMP/htdocs/testing/almanac_test/protected/controllers/AlmanacpostController.php(145): AlmanacPostController->actionCreate(Object(CActiveDataProvider))
#3 /Applications/MAMP/htdocs/testing/almanac_test/framework/web/actions/CInlineAction.php(49): AlmanacPostController->actionIndex()
#4 /Applications/MAMP/htdocs/testing/almanac_test/framework/web/CController.php(308): CInlineAction->runWithParams(Array)
#5 /Applications/MAMP/htdocs/testing/almanac_test/framework/web/filters/CFilterChain.php(133): CController->runAction(Object(CInlineAction))
#6 /Applications/MAMP/htdocs/testing/almanac_test/framework/web/filters/CFilter.php(40): CFilterChain->run()
#7 /Applications/MAMP/htdocs/testing/almanac_test/framework/web/CController.php(1145): CFilter->filter(Object(CFilterChain))
#8 /Applications/MAMP/htdocs/testing/almanac_test/framework/web/filters/CInlineFilter.php(58): CController->filterAccessControl(Object(CFilterChain))
#9 /Applications/MAMP/htdocs/testing/almanac_test/framework/web/filters/CFilterChain.php(130): CInlineFilter->filter(Object(CFilterChain))
#10 /Applications/MAMP/htdocs/testing/almanac_test/framework/web/CController.php(291): CFilterChain->run()
#11 /Applications/MAMP/htdocs/testing/almanac_test/framework/web/CController.php(265): CController->runActionWithFilters(Object(CInlineAction), Array)
#12 /Applications/MAMP/htdocs/testing/almanac_test/framework/web/CWebApplication.php(282): CController->run('')
#13 /Applications/MAMP/htdocs/testing/almanac_test/framework/web/CWebApplication.php(141): CWebApplication->runController('almanacpost')
#14 /Applications/MAMP/htdocs/testing/almanac_test/framework/base/CApplication.php(184): CWebApplication->processRequest()
#15 /Applications/MAMP/htdocs/testing/almanac_test/index.php(13): CApplication->run()
#16 {main}
REQUEST_URI=/testing/almanac_test/index.php/almanacpost
HTTP_REFERER=http://localhost:8888/testing/almanac_test/index.php/almanacpost
---
